app/build/outputs/logs/manifest-merger-debug-report.txt
-- Merging decision tree log ---
manifest
ADDED from src\main\AndroidManifest.xml:2:1-107:12
	package
		ADDED from src\main\AndroidManifest.xml:3:5-31
		INJECTED from src\main\AndroidManifest.xml
		INJECTED from src\main\AndroidManifest.xml
	android:versionName
		ADDED from src\main\AndroidManifest.xml:5:5-30
	android:versionCode
		ADDED from src\main\AndroidManifest.xml:4:5-30
		INJECTED from src\main\AndroidManifest.xml
		INJECTED from src\main\AndroidManifest.xml
	xmlns:android
		ADDED from src\main\AndroidManifest.xml:2:11-69
uses-sdk
ADDED from src\main\AndroidManifest.xml:7:5-9:41
	android:targetSdkVersion
		ADDED from src\main\AndroidManifest.xml:9:9-38
		INJECTED from src\main\AndroidManifest.xml
		INJECTED from src\main\AndroidManifest.xml
	android:minSdkVersion
		ADDED from src\main\AndroidManifest.xml:8:9-35
		INJECTED from src\main\AndroidManifest.xml
		INJECTED from src\main\AndroidManifest.xml
uses-permission#android.permission.RECEIVE_BOOT_COMPLETED
ADDED from src\main\AndroidManifest.xml:11:5-81
	android:name
		ADDED from src\main\AndroidManifest.xml:11:22-78
uses-permission#android.permission.INTERNET
ADDED from src\main\AndroidManifest.xml:12:5-67
	android:name
		ADDED from src\main\AndroidManifest.xml:12:22-64
uses-permission#android.permission.READ_EXTERNAL_STORAGE
ADDED from src\main\AndroidManifest.xml:13:5-80
	android:name
		ADDED from src\main\AndroidManifest.xml:13:22-77
uses-permission#android.permission.WRITE_EXTERNAL_STORAGE
ADDED from src\main\AndroidManifest.xml:14:5-81
	android:name
		ADDED from src\main\AndroidManifest.xml:14:22-78
uses-permission#android.permission.MOUNT_UNMOUNT_FILESYSTEMS
ADDED from src\main\AndroidManifest.xml:15:5-84
	android:name
		ADDED from src\main\AndroidManifest.xml:15:22-81
uses-permission#android.permission.ACCESS_NETWORK_STATE
ADDED from src\main\AndroidManifest.xml:16:5-79
	android:name
		ADDED from src\main\AndroidManifest.xml:16:22-76
uses-permission#android.permission.RESTART_PACKAGES
ADDED from src\main\AndroidManifest.xml:17:5-75
	android:name
		ADDED from src\main\AndroidManifest.xml:17:22-72
uses-permission#android.permission.ACCESS_DOWNLOAD_MANAGER
ADDED from src\main\AndroidManifest.xml:18:5-82
	android:name
		ADDED from src\main\AndroidManifest.xml:18:22-79
uses-permission#android.permission.ACCESS_WIFI_STATE
ADDED from src\main\AndroidManifest.xml:19:5-76
	android:name
		ADDED from src\main\AndroidManifest.xml:19:22-73
uses-permission#android.permission.CHANGE_NETWORK_STATE
ADDED from src\main\AndroidManifest.xml:20:5-79
	android:name
		ADDED from src\main\AndroidManifest.xml:20:22-76
uses-permission#android.permission.CHANGE_WIFI_MULTICAST_STATE
ADDED from src\main\AndroidManifest.xml:21:5-86
	android:name
		ADDED from src\main\AndroidManifest.xml:21:22-83
uses-permission#android.permission.CHANGE_WIFI_STATE
ADDED from src\main\AndroidManifest.xml:22:5-76
	android:name
		ADDED from src\main\AndroidManifest.xml:22:22-73
uses-permission#android.permission.CLEAR_APP_CACHE
ADDED from src\main\AndroidManifest.xml:23:5-74
	android:name
		ADDED from src\main\AndroidManifest.xml:23:22-71
uses-permission#android.permission.READ_PHONE_STATE
ADDED from src\main\AndroidManifest.xml:25:5-75
	android:name
		ADDED from src\main\AndroidManifest.xml:25:22-72
uses-permission#android.permission.BROADCAST_STICKY
ADDED from src\main\AndroidManifest.xml:26:5-75
	android:name
		ADDED from src\main\AndroidManifest.xml:26:22-72
uses-permission#android.permission.RAISED_THREAD_PRIORITY
ADDED from src\main\AndroidManifest.xml:27:5-81
	android:name
		ADDED from src\main\AndroidManifest.xml:27:22-78
uses-permission#android.permission.READ_LOGS
ADDED from src\main\AndroidManifest.xml:28:5-67
	android:name
		ADDED from src\main\AndroidManifest.xml:28:22-65
application
ADDED from src\main\AndroidManifest.xml:29:5-105:19
	android:screenOrientation
		ADDED from src\main\AndroidManifest.xml:35:9-46
	android:label
		ADDED from src\main\AndroidManifest.xml:33:9-41
	android:allowBackup
		ADDED from src\main\AndroidManifest.xml:31:9-35
	android:icon
		ADDED from src\main\AndroidManifest.xml:32:9-45
	android:largeHeap
		ADDED from src\main\AndroidManifest.xml:34:9-33
	android:theme
		ADDED from src\main\AndroidManifest.xml:36:9-73
	android:name
		ADDED from src\main\AndroidManifest.xml:30:9-50
activity#com.vst.itv52.v1.activity.PreLancherActivity
ADDED from src\main\AndroidManifest.xml:37:9-48:20
	android:label
		ADDED from src\main\AndroidManifest.xml:39:13-45
	android:name
		ADDED from src\main\AndroidManifest.xml:38:13-72
intent-filter#android.intent.action.MAIN+android.intent.category.DEFAULT+android.intent.category.HOME+android.intent.category.LAUNCHER+android.intent.category.MONKEY
ADDED from src\main\AndroidManifest.xml:40:13-47:29
action#android.intent.action.MAIN
ADDED from src\main\AndroidManifest.xml:41:17-69
	android:name
		ADDED from src\main\AndroidManifest.xml:41:25-66
category#android.intent.category.LAUNCHER
ADDED from src\main\AndroidManifest.xml:43:17-77
	android:name
		ADDED from src\main\AndroidManifest.xml:43:27-74
category#android.intent.category.DEFAULT
ADDED from src\main\AndroidManifest.xml:44:17-76
	android:name
		ADDED from src\main\AndroidManifest.xml:44:27-73
category#android.intent.category.HOME
ADDED from src\main\AndroidManifest.xml:45:17-73
	android:name
		ADDED from src\main\AndroidManifest.xml:45:27-70
category#android.intent.category.MONKEY
ADDED from src\main\AndroidManifest.xml:46:17-75
	android:name
		ADDED from src\main\AndroidManifest.xml:46:27-72
activity#com.vst.itv52.v1.activity.ApplicationActivity
ADDED from src\main\AndroidManifest.xml:49:9-82
	android:name
		ADDED from src\main\AndroidManifest.xml:49:19-79
activity#com.vst.itv52.v1.activity.FavVideoActivity
ADDED from src\main\AndroidManifest.xml:50:9-79
	android:name
		ADDED from src\main\AndroidManifest.xml:50:19-76
activity#com.vst.itv52.v1.activity.HomeActivity
ADDED from src\main\AndroidManifest.xml:51:9-75
	android:name
		ADDED from src\main\AndroidManifest.xml:51:19-72
activity#com.vst.itv52.v1.activity.LixianActivity
ADDED from src\main\AndroidManifest.xml:52:9-54:57
	android:windowSoftInputMode
		ADDED from src\main\AndroidManifest.xml:54:13-54
	android:name
		ADDED from src\main\AndroidManifest.xml:53:13-68
activity#com.vst.itv52.v1.activity.SearchActivity
ADDED from src\main\AndroidManifest.xml:55:9-77
	android:name
		ADDED from src\main\AndroidManifest.xml:55:19-74
activity#com.vst.itv52.v1.activity.SettingAboutUs
ADDED from src\main\AndroidManifest.xml:56:9-77
	android:name
		ADDED from src\main\AndroidManifest.xml:56:19-74
activity#com.vst.itv52.v1.activity.SettingClear
ADDED from src\main\AndroidManifest.xml:57:9-75
	android:name
		ADDED from src\main\AndroidManifest.xml:57:19-72
activity#com.vst.itv52.v1.activity.SettingLogin
ADDED from src\main\AndroidManifest.xml:58:9-75
	android:name
		ADDED from src\main\AndroidManifest.xml:58:19-72
activity#com.vst.itv52.v1.activity.SettingOther
ADDED from src\main\AndroidManifest.xml:59:9-75
	android:name
		ADDED from src\main\AndroidManifest.xml:59:19-72
activity#com.vst.itv52.v1.activity.SettingPlay
ADDED from src\main\AndroidManifest.xml:60:9-74
	android:name
		ADDED from src\main\AndroidManifest.xml:60:19-71
activity#com.vst.itv52.v1.activity.SettingRegest
ADDED from src\main\AndroidManifest.xml:61:9-76
	android:name
		ADDED from src\main\AndroidManifest.xml:61:19-73
activity#com.vst.itv52.v1.activity.SettingServer
ADDED from src\main\AndroidManifest.xml:62:9-76
	android:name
		ADDED from src\main\AndroidManifest.xml:62:19-73
activity#com.vst.itv52.v1.activity.SettingSpeedTest
ADDED from src\main\AndroidManifest.xml:63:9-79
	android:name
		ADDED from src\main\AndroidManifest.xml:63:19-76
activity#com.vst.itv52.v1.activity.SettingWeather
ADDED from src\main\AndroidManifest.xml:64:9-77
	android:name
		ADDED from src\main\AndroidManifest.xml:64:19-74
activity#com.vst.itv52.v1.activity.SubjectActivity
ADDED from src\main\AndroidManifest.xml:65:9-78
	android:name
		ADDED from src\main\AndroidManifest.xml:65:19-75
activity#com.vst.itv52.v1.activity.TypeDetailsActivity
ADDED from src\main\AndroidManifest.xml:66:9-82
	android:name
		ADDED from src\main\AndroidManifest.xml:66:19-79
activity#com.vst.itv52.v1.activity.UserSetBasic
ADDED from src\main\AndroidManifest.xml:67:9-75
	android:name
		ADDED from src\main\AndroidManifest.xml:67:19-72
activity#com.vst.itv52.v1.activity.UserSetDatumChange
ADDED from src\main\AndroidManifest.xml:68:9-81
	android:name
		ADDED from src\main\AndroidManifest.xml:68:19-78
activity#com.vst.itv52.v1.activity.UserSetMain
ADDED from src\main\AndroidManifest.xml:69:9-74
	android:name
		ADDED from src\main\AndroidManifest.xml:69:19-71
activity#com.vst.itv52.v1.activity.UserSetPersonalInfo
ADDED from src\main\AndroidManifest.xml:70:9-82
	android:name
		ADDED from src\main\AndroidManifest.xml:70:19-79
activity#com.vst.itv52.v1.activity.UserSetPwdChange
ADDED from src\main\AndroidManifest.xml:71:9-79
	android:name
		ADDED from src\main\AndroidManifest.xml:71:19-76
activity#com.vst.itv52.v1.activity.UserTvManenger
ADDED from src\main\AndroidManifest.xml:72:9-77
	android:name
		ADDED from src\main\AndroidManifest.xml:72:19-74
activity#com.vst.itv52.v1.activity.VideoDetailsActivity
ADDED from src\main\AndroidManifest.xml:73:9-83
	android:name
		ADDED from src\main\AndroidManifest.xml:73:19-80
activity#com.vst.itv52.v1.player.NewsInformation
ADDED from src\main\AndroidManifest.xml:74:9-76
	android:name
		ADDED from src\main\AndroidManifest.xml:74:19-73
activity#com.vst.itv52.v1.player.VodPlayer
ADDED from src\main\AndroidManifest.xml:75:9-70
	android:name
		ADDED from src\main\AndroidManifest.xml:75:19-67
activity#com.vst.itv52.v1.player.XLLXPlayer
ADDED from src\main\AndroidManifest.xml:76:9-71
	android:name
		ADDED from src\main\AndroidManifest.xml:76:19-68
activity#com.vst.itv52.v1.player.LivePlayer
ADDED from src\main\AndroidManifest.xml:77:9-71
	android:name
		ADDED from src\main\AndroidManifest.xml:77:19-68
activity#com.vst.itv52.v1.player.TVBackActivity
ADDED from src\main\AndroidManifest.xml:78:9-75
	android:name
		ADDED from src\main\AndroidManifest.xml:78:19-72
meta-data#UMENG_APPKEY
ADDED from src\main\AndroidManifest.xml:80:8-83:20
	android:value
		ADDED from src\main\AndroidManifest.xml:82:8-48
	android:name
		ADDED from src\main\AndroidManifest.xml:81:8-35
meta-data#UMENG_CHANNEL
ADDED from src\main\AndroidManifest.xml:84:8-87:21
	android:value
		ADDED from src\main\AndroidManifest.xml:86:13-32
	android:name
		ADDED from src\main\AndroidManifest.xml:85:13-41
service#com.vst.itv52.v1.service.MainService
ADDED from src\main\AndroidManifest.xml:88:9-72
	android:name
		ADDED from src\main\AndroidManifest.xml:88:18-69
service#com.vst.itv52.v1.service.TaskService
ADDED from src\main\AndroidManifest.xml:89:9-72
	android:name
		ADDED from src\main\AndroidManifest.xml:89:18-69
receiver#com.vst.itv52.v1.broadcast.BootReceiver
ADDED from src\main\AndroidManifest.xml:91:9-95:20
	android:name
		ADDED from src\main\AndroidManifest.xml:91:19-73
intent-filter#android.intent.action.BOOT_COMPLETED
ADDED from src\main\AndroidManifest.xml:92:13-94:29
	android:priority
		ADDED from src\main\AndroidManifest.xml:92:28-51
action#android.intent.action.BOOT_COMPLETED
ADDED from src\main\AndroidManifest.xml:93:17-79
	android:name
		ADDED from src\main\AndroidManifest.xml:93:25-76
receiver#com.vst.itv52.v1.broadcast.UsbReciver
ADDED from src\main\AndroidManifest.xml:96:9-102:20
	android:name
		ADDED from src\main\AndroidManifest.xml:96:19-71
intent-filter#android.intent.action.MEDIA_MOUNTED
ADDED from src\main\AndroidManifest.xml:97:13-101:29
action#android.intent.action.MEDIA_MOUNTED
ADDED from src\main\AndroidManifest.xml:98:17-78
	android:name
		ADDED from src\main\AndroidManifest.xml:98:25-75
data
ADDED from src\main\AndroidManifest.xml:100:17-47
	android:scheme
		ADDED from src\main\AndroidManifest.xml:100:23-44
service#com.vst.itv52.v1.service.MService
ADDED from src\main\AndroidManifest.xml:104:9-69
	android:name
		ADDED from src\main\AndroidManifest.xml:104:18-66